
 #################################################################################
										 
    _      _         __  __ _       _                        _           _    
   | |    (_)       |  \/  (_)     (_)     /\               | |         (_)   
   | |     _ _ __   | \  / |_ _ __  _     /  \   _ __   __ _| |_   _ ___ _ ___ 
   | |    | | '_ \  | |\/| | | '_ \| |   / /\ \ | '_ \ / _` | | | | / __| / __|
   | |____| | |_) | | |  | | | | | | |  / ____ \| | | | (_| | | |_| \__ \ \__ \
   |______|_| .__/  |_|  |_|_|_| |_|_| /_/    \_\_| |_|\__,_|_|\__, |___/_|___/
            | |                                                 __/ |          
            |_|                                                |___/           
                                                                              
 #################################################################################
                                                                              
   LipMiniAnalysis  1.00
                                                                              
                                              \      | | / |  /    |   |  ||  
                                               '-___-+-+'  |_/     |   |  |   
   By Antonio Onofre                          `--___-++--^'|       |   | /|   
      (antonio.onofre@cern.ch)                       ||    |       |   |' |   
   Date: 23.Nov.2012                          --___  ||    |       | _/|  |   
                                              ==---:-++___ |  ___--+'  |  |   
                                                '--_'|'---'+--___  |   |  |   
                                                    '+-_   |     '-+__ |  |   
                                              ._.          ._.       ._____   
                                              | |          | |       | ___ \  
                                              | |_.        | |       | .___/  
                                              |___|        |_|       |_|      
                                                                              
   Note: 	this code was built from LipCbrAnalysis developed by             
     		Nuno Castro   (nfcastro@lipc.fis.uc.pt)  and                     
         	Filipe Veloso (fveloso@lipc.fis.uc.pt)                           
                                                                              
                                                                              
 #################################################################################

  Date and Time:  Wed 13 Nov 2013 16:55:13
  Host name: andre.local

 #################################################################################


 #################################################################################


 ====================================================
  DefineSamples() :   Running in Mac OS X 10.9    ===
 ====================================================

  No truth charged lepton separation is being made for samples 105200/105205

   ATLAS LIP Mini (8TeV) ttH (dilep) Analysis

   Mini TopTools Monte Carlo (MiniTTHReader)

 #################################################################################

Will run for the following ref/systematics:
 0 ../Output/

 #################################################################################

